{
  level: 'info',
  message: 'task request params : {"title":"My subjectie","description":" This is testing 11111111111111111111111111111111111111","created_by":1}',
  label: 'Kabs Log Messages',
  timestamp: '2021-06-14T05:58:35.759Z'
}
{
  level: 'info',
  message: 'task request params : {"title":"My subjectie","description":" This is testing 11111111111111111111111111111111111111","created_by":1}',
  label: 'Kabs Log Messages',
  timestamp: '2021-06-14T05:58:58.341Z'
}
{
  level: 'error',
  message: 'task request params: ReferenceError: Validator is not defined',
  label: 'Kabs Log Messages',
  timestamp: '2021-06-14T05:58:58.348Z'
}
{
  level: 'info',
  message: 'task request params : {"title":"My subjectie","description":" This is testing 11111111111111111111111111111111111111","created_by":1}',
  label: 'Kabs Log Messages',
  timestamp: '2021-06-14T05:59:16.065Z'
}
{
  level: 'info',
  message: 'task request params : {"title":"My subjectie","description":" This is testi","created_by":1}',
  label: 'Kabs Log Messages',
  timestamp: '2021-06-14T05:59:21.301Z'
}
{
  level: 'error',
  message: 'task request params: [object Object]',
  label: 'Kabs Log Messages',
  timestamp: '2021-06-14T05:59:21.302Z'
}
{
  level: 'error',
  message: `task select db error : Error: ER_PARSE_ERROR: You have an error in your SQL syntax; check the manual that corresponds to your MariaDB server version for the right syntax to use near ' password = "undefined"' at line 1`,
  label: 'Kabs Log Messages',
  timestamp: '2021-06-14T08:40:19.532Z'
}
{
  level: 'error',
  message: 'Login Invalid Data : {"email":{"message":"The email must be a valid email address.","rule":"email"}}',
  label: 'Kabs Log Messages',
  timestamp: '2021-06-14T08:40:38.047Z'
}
{
  level: 'error',
  message: `task select db error : Error: ER_PARSE_ERROR: You have an error in your SQL syntax; check the manual that corresponds to your MariaDB server version for the right syntax to use near ' password = "undefined"' at line 1`,
  label: 'Kabs Log Messages',
  timestamp: '2021-06-14T08:40:38.053Z'
}
{
  level: 'error',
  message: `task select db error : Error: ER_PARSE_ERROR: You have an error in your SQL syntax; check the manual that corresponds to your MariaDB server version for the right syntax to use near ' password = "undefined"' at line 1`,
  label: 'Kabs Log Messages',
  timestamp: '2021-06-14T08:41:25.078Z'
}
{
  level: 'error',
  message: `task select db error : Error: ER_PARSE_ERROR: You have an error in your SQL syntax; check the manual that corresponds to your MariaDB server version for the right syntax to use near ' password = "undefined"' at line 1`,
  label: 'Kabs Log Messages',
  timestamp: '2021-06-14T08:41:47.178Z'
}
{
  level: 'error',
  message: `task select db error : Error: ER_PARSE_ERROR: You have an error in your SQL syntax; check the manual that corresponds to your MariaDB server version for the right syntax to use near ' password = "undefined"' at line 1`,
  label: 'Kabs Log Messages',
  timestamp: '2021-06-14T08:42:41.832Z'
}
{
  level: 'error',
  message: `task select db error : Error: ER_PARSE_ERROR: You have an error in your SQL syntax; check the manual that corresponds to your MariaDB server version for the right syntax to use near ' password = "undefined"' at line 1`,
  label: 'Kabs Log Messages',
  timestamp: '2021-06-14T08:44:20.812Z'
}
{
  level: 'error',
  message: `task select db error : Error: ER_PARSE_ERROR: You have an error in your SQL syntax; check the manual that corresponds to your MariaDB server version for the right syntax to use near ' password = "undefined"' at line 1`,
  label: 'Kabs Log Messages',
  timestamp: '2021-06-14T08:49:28.431Z'
}
{
  level: 'error',
  message: `task select db error : Error: ER_PARSE_ERROR: You have an error in your SQL syntax; check the manual that corresponds to your MariaDB server version for the right syntax to use near ' password = "undefined"' at line 1`,
  label: 'Kabs Log Messages',
  timestamp: '2021-06-14T08:49:37.480Z'
}
{
  level: 'error',
  message: `task select db error : Error: ER_PARSE_ERROR: You have an error in your SQL syntax; check the manual that corresponds to your MariaDB server version for the right syntax to use near ' password = "kab@123"' at line 1`,
  label: 'Kabs Log Messages',
  timestamp: '2021-06-14T08:50:20.690Z'
}
{
  level: 'error',
  message: "task details select db error : Error: ER_PARSE_ERROR: You have an error in your SQL syntax; check the manual that corresponds to your MariaDB server version for the right syntax to use near '' at line 1",
  label: 'Kabs Log Messages',
  timestamp: '2021-06-14T09:20:39.833Z'
}
{
  level: 'error',
  message: "task details select db error : Error: ER_BAD_FIELD_ERROR: Unknown column 'undefined' in 'where clause'",
  label: 'Kabs Log Messages',
  timestamp: '2021-06-14T09:28:03.346Z'
}
{
  level: 'error',
  message: "task details select db error : Error: ER_BAD_FIELD_ERROR: Unknown column 'undefined' in 'where clause'",
  label: 'Kabs Log Messages',
  timestamp: '2021-06-14T09:28:40.180Z'
}
{
  level: 'error',
  message: 'Login Invalid Data : {"email":{"message":"The email field is mandatory.","rule":"required"},"password":{"message":"The password field is mandatory.","rule":"required"}}',
  label: 'Kabs Log Messages',
  timestamp: '2021-06-14T10:11:18.481Z'
}
{
  level: 'info',
  message: 'update task request params : {"id":"1","title":"New story"}',
  label: 'Kabs Log Messages',
  timestamp: '2021-06-14T10:11:41.950Z'
}
{
  level: 'error',
  message: "task update db error : Error: ER_PARSE_ERROR: You have an error in your SQL syntax; check the manual that corresponds to your MariaDB server version for the right syntax to use near '' at line 1",
  label: 'Kabs Log Messages',
  timestamp: '2021-06-14T10:11:41.954Z'
}
{
  level: 'info',
  message: 'update task request params : {"id":"1","title":"New story"}',
  label: 'Kabs Log Messages',
  timestamp: '2021-06-14T10:11:56.714Z'
}
{
  level: 'error',
  message: "task update db error : Error: ER_PARSE_ERROR: You have an error in your SQL syntax; check the manual that corresponds to your MariaDB server version for the right syntax to use near '' at line 1",
  label: 'Kabs Log Messages',
  timestamp: '2021-06-14T10:11:56.722Z'
}
{
  level: 'info',
  message: 'update task request params : {"id":"1","title":"New story"}',
  label: 'Kabs Log Messages',
  timestamp: '2021-06-14T10:12:50.980Z'
}
{
  level: 'error',
  message: "task update db error : Error: ER_PARSE_ERROR: You have an error in your SQL syntax; check the manual that corresponds to your MariaDB server version for the right syntax to use near 'WHERE id =' at line 1",
  label: 'Kabs Log Messages',
  timestamp: '2021-06-14T10:12:50.990Z'
}
{
  level: 'info',
  message: 'update task request params : {"id":"1","title":"New story"}',
  label: 'Kabs Log Messages',
  timestamp: '2021-06-14T10:15:17.306Z'
}
{
  level: 'error',
  message: "task update db error : Error: ER_PARSE_ERROR: You have an error in your SQL syntax; check the manual that corresponds to your MariaDB server version for the right syntax to use near 'story, WHERE id =' at line 1",
  label: 'Kabs Log Messages',
  timestamp: '2021-06-14T10:15:17.314Z'
}
{
  level: 'info',
  message: 'update task request params : {"id":"1","title":"New story"}',
  label: 'Kabs Log Messages',
  timestamp: '2021-06-14T10:15:49.198Z'
}
{
  level: 'error',
  message: "task update db error : Error: ER_PARSE_ERROR: You have an error in your SQL syntax; check the manual that corresponds to your MariaDB server version for the right syntax to use near 'WHERE id =' at line 1",
  label: 'Kabs Log Messages',
  timestamp: '2021-06-14T10:15:49.204Z'
}
{
  level: 'info',
  message: 'update task request params : {"id":"1","title":"New story"}',
  label: 'Kabs Log Messages',
  timestamp: '2021-06-14T10:16:13.880Z'
}
{
  level: 'error',
  message: "task update db error : Error: ER_PARSE_ERROR: You have an error in your SQL syntax; check the manual that corresponds to your MariaDB server version for the right syntax to use near '' at line 1",
  label: 'Kabs Log Messages',
  timestamp: '2021-06-14T10:16:13.889Z'
}
{
  level: 'info',
  message: 'update task request params : {"id":"1","title":"New story"}',
  label: 'Kabs Log Messages',
  timestamp: '2021-06-14T10:16:35.034Z'
}
{
  level: 'error',
  message: "task update db error : Error: ER_PARSE_ERROR: You have an error in your SQL syntax; check the manual that corresponds to your MariaDB server version for the right syntax to use near '' at line 1",
  label: 'Kabs Log Messages',
  timestamp: '2021-06-14T10:16:35.044Z'
}
{
  level: 'info',
  message: 'update task request params : {"id":"1","title":"New story"}',
  label: 'Kabs Log Messages',
  timestamp: '2021-06-14T10:17:19.109Z'
}
{
  level: 'info',
  message: 'update task request params : {"id":"1","title":""}',
  label: 'Kabs Log Messages',
  timestamp: '2021-06-14T10:22:22.325Z'
}
{
  level: 'error',
  message: "task update db error : Error: ER_PARSE_ERROR: You have an error in your SQL syntax; check the manual that corresponds to your MariaDB server version for the right syntax to use near 'WHERE id = 1' at line 1",
  label: 'Kabs Log Messages',
  timestamp: '2021-06-14T10:22:22.331Z'
}
{
  level: 'info',
  message: 'update task request params : {"id":"1","title":""}',
  label: 'Kabs Log Messages',
  timestamp: '2021-06-14T10:23:12.381Z'
}
{
  level: 'info',
  message: 'update task request params : {"id":"1","description":"New Des"}',
  label: 'Kabs Log Messages',
  timestamp: '2021-06-14T10:23:23.856Z'
}
{
  level: 'info',
  message: 'update task request params : {"id":"1","description":"New Des"}',
  label: 'Kabs Log Messages',
  timestamp: '2021-06-14T10:25:09.037Z'
}
{
  level: 'info',
  message: 'update task request params : {"id":"1","description":"New Des"}',
  label: 'Kabs Log Messages',
  timestamp: '2021-06-14T10:25:15.511Z'
}
{
  level: 'info',
  message: 'update task request params : {"id":"1","description":"Newadadadadadadadadasdasdasdasdadasdasdasdasdasdasdasd"}',
  label: 'Kabs Log Messages',
  timestamp: '2021-06-14T10:25:23.077Z'
}
{
  level: 'info',
  message: 'update task request params : {"id":"1","description":"Newadadadadadadadadasdasdasdasdadasdasdasdasdasdasdasd","status":"In Progress"}',
  label: 'Kabs Log Messages',
  timestamp: '2021-06-14T10:25:40.409Z'
}
{
  level: 'info',
  message: 'update task request params : {"id":"1","description":"Newadadadadadadadadasdasdasdasdadasdasdasdasdasdasdasd","status":"In Progress"}',
  label: 'Kabs Log Messages',
  timestamp: '2021-06-14T10:26:25.516Z'
}
{
  level: 'info',
  message: 'task request params : {"title":"My subjectie","description":" This is testiThis is testiThis is testiThis is testi","created_by":1,"assigned_to":2}',
  label: 'Kabs Log Messages',
  timestamp: '2021-06-14T11:00:39.129Z'
}
{
  level: 'info',
  message: 'task request params : {"title":"My subjectie","description":" This is testiThis is testiThis is testiThis is testi","created_by":1,"assigned_to":2}',
  label: 'Kabs Log Messages',
  timestamp: '2021-06-14T11:01:03.233Z'
}
{
  level: 'info',
  message: 'task request params : {"title":"My subjectie","description":" This is testiThis is testiThis is testiThis is testi","created_by":1,"assigned_to":2}',
  label: 'Kabs Log Messages',
  timestamp: '2021-06-14T11:03:45.414Z'
}
{
  level: 'info',
  message: 'task request params : {"title":"My subjectie","description":" This is testiThis is testiThis is testiThis is testi","created_by":1,"assigned_to":2}',
  label: 'Kabs Log Messages',
  timestamp: '2021-06-14T11:04:21.228Z'
}
{
  level: 'info',
  message: 'task request params : {"title":"My subjectie","description":" This is testiThis is testiThis is testiThis is testi","created_by":1,"assigned_to":2}',
  label: 'Kabs Log Messages',
  timestamp: '2021-06-14T11:05:25.119Z'
}
{
  level: 'info',
  message: 'task request params : {"title":"New My subjectie","description":" This is testiThis is testiThis is testiThis is testi","created_by":1,"assigned_to":2}',
  label: 'Kabs Log Messages',
  timestamp: '2021-06-14T11:15:20.503Z'
}
{
  level: 'info',
  message: 'task request params : {"title":"New My subjectie","description":" This is testiThis is testiThis is testiThis is testi","created_by":1,"assigned_to":2}',
  label: 'Kabs Log Messages',
  timestamp: '2021-06-14T11:20:28.667Z'
}
{
  level: 'info',
  message: 'update task request params : {"id":"2","description":"Newadadadadadadadadasdasdasdasdadasdasdasdasdasdasdasd","status":"In Progress","assigned_to":2}',
  label: 'Kabs Log Messages',
  timestamp: '2021-06-14T11:21:12.762Z'
}
{
  level: 'info',
  message: 'task request params : {"title":"New My subjectie1111111111111","description":" This is testiThis is testiThis is testiThis is testi","created_by":1,"assigned_to":2}',
  label: 'Kabs Log Messages',
  timestamp: '2021-06-14T11:29:37.928Z'
}
{
  level: 'info',
  message: 'update task request params : {"id":"2","description":"Newadadadadadadadadasdasdasdasdadasdasdasdasdasdasdasd","status":"In Progress","assigned_to":2}',
  label: 'Kabs Log Messages',
  timestamp: '2021-06-14T11:29:56.414Z'
}
{
  level: 'info',
  message: 'update task request params : {"id":"3","description":"Newadadadadadadadadasdasdasdasdadasdasdasdasdasdasdasd","status":"In Progress","assigned_to":2}',
  label: 'Kabs Log Messages',
  timestamp: '2021-06-14T11:30:09.552Z'
}
{
  level: 'error',
  message: "task select db error : Error: ER_PARSE_ERROR: You have an error in your SQL syntax; check the manual that corresponds to your MariaDB server version for the right syntax to use near 'WHERE assigned_to = users.id' at line 1",
  label: 'Kabs Log Messages',
  timestamp: '2021-06-14T11:58:17.048Z'
}
{
  level: 'error',
  message: "task select db error : Error: ER_PARSE_ERROR: You have an error in your SQL syntax; check the manual that corresponds to your MariaDB server version for the right syntax to use near 'WHERE assigned_to = users.id' at line 1",
  label: 'Kabs Log Messages',
  timestamp: '2021-06-14T11:58:39.053Z'
}
{
  level: 'error',
  message: "task details select db error : Error: ER_NON_UNIQ_ERROR: Column 'id' in where clause is ambiguous",
  label: 'Kabs Log Messages',
  timestamp: '2021-06-14T16:09:52.709Z'
}
{
  level: 'error',
  message: "task select db error : Error: ER_NON_UNIQ_ERROR: Column 'name' in field list is ambiguous",
  label: 'Kabs Log Messages',
  timestamp: '2021-06-14T16:12:40.258Z'
}
